{"/Users/edwalters/Projects/delivery-cost-estimator/components/package.js": {"path":"/Users/edwalters/Projects/delivery-cost-estimator/components/package.js","statementMap":{"0":{"start":{"line":1,"column":11},"end":{"line":1,"column":38}},"1":{"start":{"line":3,"column":0},"end":{"line":3,"column":33}},"2":{"start":{"line":27,"column":4},"end":{"line":27,"column":24}},"3":{"start":{"line":28,"column":4},"end":{"line":28,"column":40}},"4":{"start":{"line":29,"column":4},"end":{"line":29,"column":44}},"5":{"start":{"line":30,"column":4},"end":{"line":30,"column":32}},"6":{"start":{"line":31,"column":4},"end":{"line":31,"column":23}},"7":{"start":{"line":32,"column":26},"end":{"line":32,"column":53}},"8":{"start":{"line":33,"column":28},"end":{"line":33,"column":56}},"9":{"start":{"line":34,"column":4},"end":{"line":38,"column":6}},"10":{"start":{"line":39,"column":4},"end":{"line":39,"column":66}},"11":{"start":{"line":44,"column":4},"end":{"line":44,"column":26}},"12":{"start":{"line":49,"column":4},"end":{"line":49,"column":23}},"13":{"start":{"line":54,"column":4},"end":{"line":54,"column":23}},"14":{"start":{"line":58,"column":28},"end":{"line":58,"column":55}},"15":{"start":{"line":59,"column":25},"end":{"line":59,"column":49}},"16":{"start":{"line":62,"column":4},"end":{"line":66,"column":5}},"17":{"start":{"line":63,"column":6},"end":{"line":63,"column":44}},"18":{"start":{"line":65,"column":6},"end":{"line":65,"column":47}},"19":{"start":{"line":67,"column":4},"end":{"line":71,"column":5}},"20":{"start":{"line":68,"column":6},"end":{"line":68,"column":38}},"21":{"start":{"line":70,"column":6},"end":{"line":70,"column":41}},"22":{"start":{"line":73,"column":4},"end":{"line":73,"column":55}},"23":{"start":{"line":77,"column":4},"end":{"line":83,"column":5}},"24":{"start":{"line":82,"column":6},"end":{"line":82,"column":19}},"25":{"start":{"line":84,"column":4},"end":{"line":89,"column":5}},"26":{"start":{"line":88,"column":6},"end":{"line":88,"column":19}},"27":{"start":{"line":90,"column":4},"end":{"line":95,"column":5}},"28":{"start":{"line":94,"column":6},"end":{"line":94,"column":19}},"29":{"start":{"line":97,"column":4},"end":{"line":97,"column":16}},"30":{"start":{"line":101,"column":4},"end":{"line":108,"column":5}},"31":{"start":{"line":102,"column":30},"end":{"line":105,"column":7}},"32":{"start":{"line":106,"column":6},"end":{"line":106,"column":72}},"33":{"start":{"line":107,"column":6},"end":{"line":107,"column":68}},"34":{"start":{"line":112,"column":0},"end":{"line":112,"column":25}}},"fnMap":{"0":{"name":"(anonymous_0)","decl":{"start":{"line":20,"column":2},"end":{"line":20,"column":3}},"loc":{"start":{"line":26,"column":4},"end":{"line":40,"column":3}},"line":26},"1":{"name":"(anonymous_1)","decl":{"start":{"line":43,"column":2},"end":{"line":43,"column":3}},"loc":{"start":{"line":43,"column":16},"end":{"line":45,"column":3}},"line":43},"2":{"name":"(anonymous_2)","decl":{"start":{"line":48,"column":2},"end":{"line":48,"column":3}},"loc":{"start":{"line":48,"column":13},"end":{"line":50,"column":3}},"line":48},"3":{"name":"(anonymous_3)","decl":{"start":{"line":53,"column":2},"end":{"line":53,"column":3}},"loc":{"start":{"line":53,"column":13},"end":{"line":55,"column":3}},"line":53},"4":{"name":"(anonymous_4)","decl":{"start":{"line":57,"column":2},"end":{"line":57,"column":3}},"loc":{"start":{"line":57,"column":15},"end":{"line":74,"column":3}},"line":57},"5":{"name":"(anonymous_5)","decl":{"start":{"line":76,"column":2},"end":{"line":76,"column":3}},"loc":{"start":{"line":76,"column":33},"end":{"line":98,"column":3}},"line":76},"6":{"name":"(anonymous_6)","decl":{"start":{"line":100,"column":2},"end":{"line":100,"column":3}},"loc":{"start":{"line":100,"column":28},"end":{"line":109,"column":3}},"line":100}},"branchMap":{"0":{"loc":{"start":{"line":62,"column":4},"end":{"line":66,"column":5}},"type":"if","locations":[{"start":{"line":62,"column":4},"end":{"line":66,"column":5}},{"start":{"line":64,"column":11},"end":{"line":66,"column":5}}],"line":62},"1":{"loc":{"start":{"line":67,"column":4},"end":{"line":71,"column":5}},"type":"if","locations":[{"start":{"line":67,"column":4},"end":{"line":71,"column":5}},{"start":{"line":69,"column":11},"end":{"line":71,"column":5}}],"line":67},"2":{"loc":{"start":{"line":77,"column":4},"end":{"line":83,"column":5}},"type":"if","locations":[{"start":{"line":77,"column":4},"end":{"line":83,"column":5}},{"start":{},"end":{}}],"line":77},"3":{"loc":{"start":{"line":78,"column":6},"end":{"line":80,"column":29}},"type":"binary-expr","locations":[{"start":{"line":78,"column":6},"end":{"line":78,"column":22}},{"start":{"line":79,"column":9},"end":{"line":79,"column":37}},{"start":{"line":80,"column":9},"end":{"line":80,"column":29}}],"line":78},"4":{"loc":{"start":{"line":84,"column":4},"end":{"line":89,"column":5}},"type":"if","locations":[{"start":{"line":84,"column":4},"end":{"line":89,"column":5}},{"start":{},"end":{}}],"line":84},"5":{"loc":{"start":{"line":85,"column":6},"end":{"line":86,"column":72}},"type":"binary-expr","locations":[{"start":{"line":85,"column":6},"end":{"line":85,"column":69}},{"start":{"line":86,"column":9},"end":{"line":86,"column":72}}],"line":85},"6":{"loc":{"start":{"line":90,"column":4},"end":{"line":95,"column":5}},"type":"if","locations":[{"start":{"line":90,"column":4},"end":{"line":95,"column":5}},{"start":{},"end":{}}],"line":90},"7":{"loc":{"start":{"line":91,"column":6},"end":{"line":92,"column":68}},"type":"binary-expr","locations":[{"start":{"line":91,"column":6},"end":{"line":91,"column":65}},{"start":{"line":92,"column":9},"end":{"line":92,"column":68}}],"line":91},"8":{"loc":{"start":{"line":101,"column":4},"end":{"line":108,"column":5}},"type":"if","locations":[{"start":{"line":101,"column":4},"end":{"line":108,"column":5}},{"start":{},"end":{}}],"line":101}},"s":{"0":2,"1":2,"2":43,"3":43,"4":43,"5":43,"6":43,"7":43,"8":43,"9":43,"10":43,"11":10,"12":3,"13":1,"14":8,"15":8,"16":8,"17":6,"18":2,"19":8,"20":6,"21":2,"22":8,"23":28,"24":8,"25":20,"26":9,"27":11,"28":3,"29":8,"30":16,"31":8,"32":8,"33":8,"34":2},"f":{"0":43,"1":10,"2":3,"3":1,"4":8,"5":28,"6":16},"b":{"0":[6,2],"1":[6,2],"2":[8,20],"3":[28,25,21],"4":[9,11],"5":[20,14],"6":[3,8],"7":[11,8],"8":[8,8]},"_coverageSchema":"1a1c01bbd47fc00a2c39e90264f33305004495a9","hash":"fe3bbf1f83c761080723d713011152286664ba06"}
,"/Users/edwalters/Projects/delivery-cost-estimator/components/processDiscount.js": {"path":"/Users/edwalters/Projects/delivery-cost-estimator/components/processDiscount.js","statementMap":{"0":{"start":{"line":2,"column":2},"end":{"line":4,"column":3}},"1":{"start":{"line":3,"column":4},"end":{"line":3,"column":78}},"2":{"start":{"line":5,"column":2},"end":{"line":7,"column":3}},"3":{"start":{"line":6,"column":4},"end":{"line":6,"column":74}},"4":{"start":{"line":8,"column":2},"end":{"line":12,"column":5}},"5":{"start":{"line":9,"column":4},"end":{"line":11,"column":5}},"6":{"start":{"line":10,"column":6},"end":{"line":10,"column":52}},"7":{"start":{"line":15,"column":0},"end":{"line":15,"column":33}}},"fnMap":{"0":{"name":"processDiscount","decl":{"start":{"line":1,"column":9},"end":{"line":1,"column":24}},"loc":{"start":{"line":1,"column":53},"end":{"line":13,"column":1}},"line":1},"1":{"name":"(anonymous_1)","decl":{"start":{"line":8,"column":38},"end":{"line":8,"column":39}},"loc":{"start":{"line":8,"column":47},"end":{"line":12,"column":3}},"line":8}},"branchMap":{"0":{"loc":{"start":{"line":2,"column":2},"end":{"line":4,"column":3}},"type":"if","locations":[{"start":{"line":2,"column":2},"end":{"line":4,"column":3}},{"start":{},"end":{}}],"line":2},"1":{"loc":{"start":{"line":5,"column":2},"end":{"line":7,"column":3}},"type":"if","locations":[{"start":{"line":5,"column":2},"end":{"line":7,"column":3}},{"start":{},"end":{}}],"line":5},"2":{"loc":{"start":{"line":9,"column":4},"end":{"line":11,"column":5}},"type":"if","locations":[{"start":{"line":9,"column":4},"end":{"line":11,"column":5}},{"start":{},"end":{}}],"line":9}},"s":{"0":3,"1":1,"2":2,"3":1,"4":1,"5":3,"6":1,"7":1},"f":{"0":3,"1":3},"b":{"0":[1,2],"1":[1,1],"2":[1,2]},"_coverageSchema":"1a1c01bbd47fc00a2c39e90264f33305004495a9","hash":"529b19c8122fd120287f207e23a1edfa4383a6de"}
,"/Users/edwalters/Projects/delivery-cost-estimator/components/processInput.js": {"path":"/Users/edwalters/Projects/delivery-cost-estimator/components/processInput.js","statementMap":{"0":{"start":{"line":1,"column":16},"end":{"line":1,"column":36}},"1":{"start":{"line":4,"column":2},"end":{"line":6,"column":3}},"2":{"start":{"line":5,"column":4},"end":{"line":5,"column":36}},"3":{"start":{"line":8,"column":16},"end":{"line":8,"column":35}},"4":{"start":{"line":9,"column":27},"end":{"line":9,"column":57}},"5":{"start":{"line":10,"column":23},"end":{"line":10,"column":53}},"6":{"start":{"line":11,"column":23},"end":{"line":11,"column":37}},"7":{"start":{"line":12,"column":25},"end":{"line":12,"column":27}},"8":{"start":{"line":13,"column":2},"end":{"line":15,"column":3}},"9":{"start":{"line":14,"column":4},"end":{"line":14,"column":69}},"10":{"start":{"line":17,"column":2},"end":{"line":50,"column":5}},"11":{"start":{"line":18,"column":21},"end":{"line":18,"column":35}},"12":{"start":{"line":19,"column":63},"end":{"line":19,"column":71}},"13":{"start":{"line":21,"column":4},"end":{"line":31,"column":5}},"14":{"start":{"line":30,"column":6},"end":{"line":30,"column":66}},"15":{"start":{"line":33,"column":4},"end":{"line":35,"column":5}},"16":{"start":{"line":34,"column":6},"end":{"line":34,"column":103}},"17":{"start":{"line":37,"column":23},"end":{"line":43,"column":5}},"18":{"start":{"line":45,"column":4},"end":{"line":49,"column":5}},"19":{"start":{"line":46,"column":6},"end":{"line":46,"column":41}},"20":{"start":{"line":48,"column":6},"end":{"line":48,"column":46}},"21":{"start":{"line":51,"column":2},"end":{"line":51,"column":24}},"22":{"start":{"line":54,"column":0},"end":{"line":54,"column":30}}},"fnMap":{"0":{"name":"processInput","decl":{"start":{"line":3,"column":9},"end":{"line":3,"column":21}},"loc":{"start":{"line":3,"column":28},"end":{"line":52,"column":1}},"line":3},"1":{"name":"(anonymous_1)","decl":{"start":{"line":17,"column":23},"end":{"line":17,"column":24}},"loc":{"start":{"line":17,"column":32},"end":{"line":50,"column":3}},"line":17}},"branchMap":{"0":{"loc":{"start":{"line":4,"column":2},"end":{"line":6,"column":3}},"type":"if","locations":[{"start":{"line":4,"column":2},"end":{"line":6,"column":3}},{"start":{},"end":{}}],"line":4},"1":{"loc":{"start":{"line":13,"column":2},"end":{"line":15,"column":3}},"type":"if","locations":[{"start":{"line":13,"column":2},"end":{"line":15,"column":3}},{"start":{},"end":{}}],"line":13},"2":{"loc":{"start":{"line":21,"column":4},"end":{"line":31,"column":5}},"type":"if","locations":[{"start":{"line":21,"column":4},"end":{"line":31,"column":5}},{"start":{},"end":{}}],"line":21},"3":{"loc":{"start":{"line":22,"column":6},"end":{"line":28,"column":29}},"type":"binary-expr","locations":[{"start":{"line":22,"column":6},"end":{"line":22,"column":12}},{"start":{"line":23,"column":9},"end":{"line":23,"column":23}},{"start":{"line":24,"column":9},"end":{"line":24,"column":44}},{"start":{"line":25,"column":9},"end":{"line":25,"column":27}},{"start":{"line":26,"column":9},"end":{"line":26,"column":25}},{"start":{"line":27,"column":9},"end":{"line":27,"column":46}},{"start":{"line":28,"column":9},"end":{"line":28,"column":29}}],"line":22},"4":{"loc":{"start":{"line":33,"column":4},"end":{"line":35,"column":5}},"type":"if","locations":[{"start":{"line":33,"column":4},"end":{"line":35,"column":5}},{"start":{},"end":{}}],"line":33},"5":{"loc":{"start":{"line":42,"column":6},"end":{"line":42,"column":23}},"type":"binary-expr","locations":[{"start":{"line":42,"column":6},"end":{"line":42,"column":15}},{"start":{"line":42,"column":19},"end":{"line":42,"column":23}}],"line":42},"6":{"loc":{"start":{"line":45,"column":4},"end":{"line":49,"column":5}},"type":"if","locations":[{"start":{"line":45,"column":4},"end":{"line":49,"column":5}},{"start":{"line":47,"column":11},"end":{"line":49,"column":5}}],"line":45}},"s":{"0":1,"1":13,"2":1,"3":12,"4":12,"5":12,"6":12,"7":12,"8":12,"9":1,"10":11,"11":29,"12":29,"13":29,"14":6,"15":23,"16":1,"17":22,"18":22,"19":21,"20":1,"21":3,"22":1},"f":{"0":13,"1":29},"b":{"0":[1,12],"1":[1,11],"2":[6,23],"3":[29,29,29,28,27,27,24],"4":[1,22],"5":[22,2],"6":[21,1]},"_coverageSchema":"1a1c01bbd47fc00a2c39e90264f33305004495a9","hash":"efd448b359ee00313251e547a015401a66c38b52"}
,"/Users/edwalters/Projects/delivery-cost-estimator/components/processOutput.js": {"path":"/Users/edwalters/Projects/delivery-cost-estimator/components/processOutput.js","statementMap":{"0":{"start":{"line":2,"column":2},"end":{"line":6,"column":3}},"1":{"start":{"line":3,"column":4},"end":{"line":5,"column":6}},"2":{"start":{"line":7,"column":18},"end":{"line":7,"column":20}},"3":{"start":{"line":8,"column":2},"end":{"line":10,"column":5}},"4":{"start":{"line":9,"column":4},"end":{"line":9,"column":57}},"5":{"start":{"line":12,"column":2},"end":{"line":12,"column":19}},"6":{"start":{"line":15,"column":0},"end":{"line":15,"column":31}}},"fnMap":{"0":{"name":"processOutput","decl":{"start":{"line":1,"column":9},"end":{"line":1,"column":22}},"loc":{"start":{"line":1,"column":39},"end":{"line":13,"column":1}},"line":1},"1":{"name":"(anonymous_1)","decl":{"start":{"line":8,"column":38},"end":{"line":8,"column":39}},"loc":{"start":{"line":8,"column":47},"end":{"line":10,"column":3}},"line":8}},"branchMap":{"0":{"loc":{"start":{"line":2,"column":2},"end":{"line":6,"column":3}},"type":"if","locations":[{"start":{"line":2,"column":2},"end":{"line":6,"column":3}},{"start":{},"end":{}}],"line":2}},"s":{"0":3,"1":1,"2":2,"3":2,"4":6,"5":2,"6":1},"f":{"0":3,"1":6},"b":{"0":[1,2]},"_coverageSchema":"1a1c01bbd47fc00a2c39e90264f33305004495a9","hash":"a07fbed046d1faba91fb4691552f29efde5eeb83"}
}
