TN:
SF:components/package.js
FN:13,(anonymous_0)
FN:36,(anonymous_1)
FN:40,(anonymous_2)
FN:44,(anonymous_3)
FN:48,(anonymous_4)
FN:55,(anonymous_5)
FN:79,(anonymous_6)
FNF:7
FNH:7
FNDA:39,(anonymous_0)
FNDA:10,(anonymous_1)
FNDA:3,(anonymous_2)
FNDA:1,(anonymous_3)
FNDA:5,(anonymous_4)
FNDA:25,(anonymous_5)
FNDA:13,(anonymous_6)
DA:1,2
DA:2,2
DA:20,39
DA:21,39
DA:22,39
DA:23,39
DA:24,39
DA:25,39
DA:26,39
DA:27,39
DA:32,39
DA:37,10
DA:41,3
DA:45,1
DA:49,5
DA:56,25
DA:61,7
DA:63,18
DA:67,9
DA:69,9
DA:73,3
DA:76,6
DA:80,13
DA:81,6
DA:85,6
DA:86,6
DA:91,2
LF:27
LH:27
BRDA:56,0,0,7
BRDA:56,0,1,18
BRDA:57,1,0,25
BRDA:57,1,1,22
BRDA:57,1,2,18
BRDA:63,2,0,9
BRDA:63,2,1,9
BRDA:64,3,0,18
BRDA:64,3,1,12
BRDA:69,4,0,3
BRDA:69,4,1,6
BRDA:70,5,0,9
BRDA:70,5,1,6
BRDA:80,6,0,6
BRDA:80,6,1,7
BRF:15
BRH:15
end_of_record
TN:
SF:components/processDiscount.js
FN:1,processDiscount
FNF:1
FNH:1
FNDA:3,processDiscount
DA:2,3
DA:3,1
DA:5,2
DA:6,1
DA:8,1
DA:9,3
DA:10,1
DA:15,1
LF:8
LH:8
BRDA:2,0,0,1
BRDA:2,0,1,2
BRDA:5,1,0,1
BRDA:5,1,1,1
BRDA:9,2,0,1
BRDA:9,2,1,2
BRF:6
BRH:6
end_of_record
TN:
SF:components/processInput.js
FN:3,processInput
FN:17,(anonymous_1)
FNF:2
FNH:2
FNDA:12,processInput
FNDA:26,(anonymous_1)
DA:1,1
DA:4,12
DA:5,1
DA:8,11
DA:9,11
DA:10,11
DA:11,11
DA:12,11
DA:13,11
DA:14,1
DA:17,10
DA:18,26
DA:19,26
DA:21,26
DA:30,6
DA:33,20
DA:41,20
DA:42,19
DA:44,1
DA:47,3
DA:50,1
LF:21
LH:21
BRDA:4,0,0,1
BRDA:4,0,1,11
BRDA:13,1,0,1
BRDA:13,1,1,10
BRDA:21,2,0,6
BRDA:21,2,1,20
BRDA:22,3,0,26
BRDA:22,3,1,26
BRDA:22,3,2,26
BRDA:22,3,3,25
BRDA:22,3,4,24
BRDA:22,3,5,24
BRDA:22,3,6,21
BRDA:38,4,0,18
BRDA:38,4,1,2
BRDA:41,5,0,19
BRDA:41,5,1,1
BRF:17
BRH:17
end_of_record
TN:
SF:components/processOutput.js
FN:1,processOutput
FNF:1
FNH:1
FNDA:3,processOutput
DA:2,3
DA:3,1
DA:7,2
DA:8,2
DA:9,6
DA:11,2
DA:14,1
LF:7
LH:7
BRDA:2,0,0,1
BRDA:2,0,1,2
BRF:2
BRH:2
end_of_record
