TN:
SF:components/package.js
FN:20,(anonymous_0)
FN:43,(anonymous_1)
FN:48,(anonymous_2)
FN:53,(anonymous_3)
FN:57,(anonymous_4)
FN:76,(anonymous_5)
FN:100,(anonymous_6)
FNF:7
FNH:7
FNDA:43,(anonymous_0)
FNDA:10,(anonymous_1)
FNDA:3,(anonymous_2)
FNDA:1,(anonymous_3)
FNDA:8,(anonymous_4)
FNDA:28,(anonymous_5)
FNDA:16,(anonymous_6)
DA:1,2
DA:3,2
DA:27,43
DA:28,43
DA:29,43
DA:30,43
DA:31,43
DA:32,43
DA:33,43
DA:34,43
DA:39,43
DA:44,10
DA:49,3
DA:54,1
DA:58,8
DA:59,8
DA:62,8
DA:63,6
DA:65,2
DA:67,8
DA:68,6
DA:70,2
DA:73,8
DA:77,28
DA:82,8
DA:84,20
DA:88,9
DA:90,11
DA:94,3
DA:97,8
DA:101,16
DA:102,8
DA:106,8
DA:107,8
DA:112,2
LF:35
LH:35
BRDA:62,0,0,6
BRDA:62,0,1,2
BRDA:67,1,0,6
BRDA:67,1,1,2
BRDA:77,2,0,8
BRDA:77,2,1,20
BRDA:78,3,0,28
BRDA:78,3,1,25
BRDA:78,3,2,21
BRDA:84,4,0,9
BRDA:84,4,1,11
BRDA:85,5,0,20
BRDA:85,5,1,14
BRDA:90,6,0,3
BRDA:90,6,1,8
BRDA:91,7,0,11
BRDA:91,7,1,8
BRDA:101,8,0,8
BRDA:101,8,1,8
BRF:19
BRH:19
end_of_record
TN:
SF:components/processDiscount.js
FN:1,processDiscount
FN:8,(anonymous_1)
FNF:2
FNH:2
FNDA:3,processDiscount
FNDA:3,(anonymous_1)
DA:2,3
DA:3,1
DA:5,2
DA:6,1
DA:8,1
DA:9,3
DA:10,1
DA:15,1
LF:8
LH:8
BRDA:2,0,0,1
BRDA:2,0,1,2
BRDA:5,1,0,1
BRDA:5,1,1,1
BRDA:9,2,0,1
BRDA:9,2,1,2
BRF:6
BRH:6
end_of_record
TN:
SF:components/processInput.js
FN:3,processInput
FN:17,(anonymous_1)
FNF:2
FNH:2
FNDA:13,processInput
FNDA:29,(anonymous_1)
DA:1,1
DA:4,13
DA:5,1
DA:8,12
DA:9,12
DA:10,12
DA:11,12
DA:12,12
DA:13,12
DA:14,1
DA:17,11
DA:18,29
DA:19,29
DA:21,29
DA:30,6
DA:33,23
DA:34,1
DA:37,22
DA:45,22
DA:46,21
DA:48,1
DA:51,3
DA:54,1
LF:23
LH:23
BRDA:4,0,0,1
BRDA:4,0,1,12
BRDA:13,1,0,1
BRDA:13,1,1,11
BRDA:21,2,0,6
BRDA:21,2,1,23
BRDA:22,3,0,29
BRDA:22,3,1,29
BRDA:22,3,2,29
BRDA:22,3,3,28
BRDA:22,3,4,27
BRDA:22,3,5,27
BRDA:22,3,6,24
BRDA:33,4,0,1
BRDA:33,4,1,22
BRDA:42,5,0,22
BRDA:42,5,1,2
BRDA:45,6,0,21
BRDA:45,6,1,1
BRF:19
BRH:19
end_of_record
TN:
SF:components/processOutput.js
FN:1,processOutput
FN:8,(anonymous_1)
FNF:2
FNH:2
FNDA:3,processOutput
FNDA:6,(anonymous_1)
DA:2,3
DA:3,1
DA:7,2
DA:8,2
DA:9,6
DA:12,2
DA:15,1
LF:7
LH:7
BRDA:2,0,0,1
BRDA:2,0,1,2
BRF:2
BRH:2
end_of_record
